<?xml version="1.0" encoding="UTF-8"?>
<!-- Generated by org.testng.reporters.JUnitXMLReporter -->
<testsuite ignored="0" hostname="DESKTOP-5DS53NE" failures="1" tests="1" name="regression(failed)" time="4.354" errors="0" timestamp="2022-06-29T12:24:34 IST">
  <testcase classname="com.RegressionSuite.TC02_Validate_SelectProduct" name="SelectProductValidation" time="1.013">
    <failure type="java.lang.NullPointerException" message="Cannot invoke &amp;quot;org.openqa.selenium.SearchContext.findElement(org.openqa.selenium.By)&amp;quot; because &amp;quot;this.searchContext&amp;quot; is null">
      <![CDATA[java.lang.NullPointerException: Cannot invoke "org.openqa.selenium.SearchContext.findElement(org.openqa.selenium.By)" because "this.searchContext" is null
at org.openqa.selenium.support.pagefactory.DefaultElementLocator.findElement(DefaultElementLocator.java:70)
at org.openqa.selenium.support.pagefactory.internal.LocatingElementHandler.invoke(LocatingElementHandler.java:39)
at jdk.proxy2/jdk.proxy2.$Proxy13.click(Unknown Source)
at com.SauceDemo.POMClasses.Home_Page.firstItem(Home_Page.java:34)
at com.RegressionSuite.TC02_Validate_SelectProduct.SelectProductValidation(TC02_Validate_SelectProduct.java:19)
at java.base/java.util.ArrayList.forEach(ArrayList.java:1511)
... Removed 27 stack frames]]>
    </failure>
  </testcase> <!-- SelectProductValidation -->
</testsuite> <!-- regression(failed) -->
